#! /usr/share/iverilog-0.10.0/bin/vvp
:ivl_version "0.10.0 (devel)" "(v0_9_6)";
:ivl_delay_selection "TYPICAL";
:vpi_time_precision + 0;
:vpi_module "system";
:vpi_module "vhdl_sys";
:vpi_module "v2005_math";
:vpi_module "va_math";
:vpi_module "v2009";
S_0x2581680 .scope module, "PRPG_tb" "PRPG_tb" 2 1;
 .timescale 0 0;
v0x2593200_0 .net "a_out", 3 1, L_0x25934c0;  1 drivers
v0x25932f0_0 .var "clock", 0 0;
v0x25933c0_0 .var "clr", 0 0;
S_0x2581800 .scope module, "PRPG_tb" "PRPG" 2 21, 3 1 0, S_0x2581680;
 .timescale 0 0;
    .port_info 0 /INPUT 1 "clock"
    .port_info 1 /INPUT 1 "clr"
    .port_info 2 /OUTPUT 3 "a_out"
L_0x25934c0 .functor BUFZ 3, v0x25930a0_0, C4<000>, C4<000>, C4<000>;
v0x255cf00_0 .net "a_out", 3 1, L_0x25934c0;  alias, 1 drivers
v0x2592f10_0 .net "clock", 0 0, v0x25932f0_0;  1 drivers
v0x2592fd0_0 .net "clr", 0 0, v0x25933c0_0;  1 drivers
v0x25930a0_0 .var "sreg", 3 1;
E_0x255cfc0 .event posedge, v0x2592f10_0;
    .scope S_0x2581800;
T_0 ;
    %movi 8, 1, 3;
    %set/v v0x25930a0_0, 8, 3;
    %end;
    .thread T_0;
    .scope S_0x2581800;
T_1 ;
    %wait E_0x255cfc0;
    %load/v 8, v0x2592fd0_0, 1;
    %jmp/0xz  T_1.0, 8;
    %movi 8, 1, 3;
    %ix/load 0, 3, 0;
    %assign/v0 v0x25930a0_0, 0, 8;
    %jmp T_1.1;
T_1.0 ;
    %ix/load 1, 2, 0;
    %mov 4, 0, 1;
    %jmp/1 T_1.2, 4;
    %load/x1p 12, v0x25930a0_0, 1;
    %jmp T_1.3;
T_1.2 ;
    %mov 12, 2, 1;
T_1.3 ;
; Save base=12 wid=1 in lookaside.
    %load/v 13, v0x25930a0_0, 1; Only need 1 of 3 bits
; Save base=13 wid=1 in lookaside.
    %xor 12, 13, 1;
    %mov 8, 12, 1;
    %load/v 9, v0x25930a0_0, 3;
    %ix/load 0, 3, 0;
    %assign/v0 v0x25930a0_0, 0, 8;
T_1.1 ;
    %jmp T_1;
    .thread T_1;
    .scope S_0x2581680;
T_2 ;
    %delay 0, 0;
T_2.0 ;
    %set/v v0x25932f0_0, 0, 1;
    %delay 5, 0;
    %set/v v0x25932f0_0, 1, 1;
    %delay 5, 0;
    %jmp T_2.0;
    %end;
    .thread T_2;
    .scope S_0x2581680;
T_3 ;
    %delay 0, 0;
    %set/v v0x25933c0_0, 1, 1;
    %delay 10, 0;
    %set/v v0x25933c0_0, 0, 1;
    %delay 190, 0;
    %vpi_call/w 2 18 "$finish" {0 0};
    %end;
    .thread T_3;
    .scope S_0x2581680;
T_4 ;
    %vpi_call/w 2 23 "$dumpfile", "PRPG.vcd" {0 0};
    %vpi_call/w 2 24 "$dumpvars", 1'sb0, S_0x2581800 {0 0};
    %end;
    .thread T_4;
# The file index is used to find the file name in the following table.
:file_names 4;
    "N/A";
    "<interactive>";
    "testbench.sv";
    "design.sv";
